0 info it worked if it ends with ok
1 verbose cli [ '/Users/vickychen/.nvm/versions/node/v4.5.0/bin/node',
1 verbose cli   '/Users/vickychen/.nvm/versions/node/v4.5.0/bin/npm',
1 verbose cli   'install',
1 verbose cli   '--save-dev',
1 verbose cli   'chai-immutable' ]
2 info using npm@2.15.9
3 info using node@v4.5.0
4 verbose install initial load of /Users/vickychen/cvicky/react-redux-testing/voting-server/package.json
5 warn package.json voting-server@1.0.0 No description
6 warn package.json voting-server@1.0.0 No repository field.
7 warn package.json voting-server@1.0.0 No README data
8 verbose installManyTop reading scoped package data from /Users/vickychen/cvicky/react-redux-testing/voting-server/node_modules/babel-cli/package.json
9 verbose installManyTop reading scoped package data from /Users/vickychen/cvicky/react-redux-testing/voting-server/node_modules/babel-core/package.json
10 verbose installManyTop reading scoped package data from /Users/vickychen/cvicky/react-redux-testing/voting-server/node_modules/babel-preset-es2015/package.json
11 verbose installManyTop reading scoped package data from /Users/vickychen/cvicky/react-redux-testing/voting-server/node_modules/chai/package.json
12 verbose installManyTop reading scoped package data from /Users/vickychen/cvicky/react-redux-testing/voting-server/node_modules/immutable/package.json
13 verbose installManyTop reading scoped package data from /Users/vickychen/cvicky/react-redux-testing/voting-server/node_modules/mocha/package.json
14 verbose readDependencies loading dependencies from /Users/vickychen/cvicky/react-redux-testing/voting-server/package.json
15 silly cache add args [ 'chai-immutable', null ]
16 verbose cache add spec chai-immutable
17 silly cache add parsed spec Result {
17 silly cache add   raw: 'chai-immutable',
17 silly cache add   scope: null,
17 silly cache add   name: 'chai-immutable',
17 silly cache add   rawSpec: '',
17 silly cache add   spec: 'latest',
17 silly cache add   type: 'tag' }
18 silly addNamed chai-immutable@latest
19 verbose addNamed "latest" is being treated as a dist-tag for chai-immutable
20 info addNameTag [ 'chai-immutable', 'latest' ]
21 silly mapToRegistry name chai-immutable
22 silly mapToRegistry using default registry
23 silly mapToRegistry registry https://registry.npmjs.org/
24 silly mapToRegistry data Result {
24 silly mapToRegistry   raw: 'chai-immutable',
24 silly mapToRegistry   scope: null,
24 silly mapToRegistry   name: 'chai-immutable',
24 silly mapToRegistry   rawSpec: '',
24 silly mapToRegistry   spec: 'latest',
24 silly mapToRegistry   type: 'tag' }
25 silly mapToRegistry uri https://registry.npmjs.org/chai-immutable
26 verbose addNameTag registry:https://registry.npmjs.org/chai-immutable not in flight; fetching
27 verbose request uri https://registry.npmjs.org/chai-immutable
28 verbose request no auth needed
29 info attempt registry request try #1 at 5:05:12 PM
30 verbose request id 0cc16d33b63f7e0c
31 http request GET https://registry.npmjs.org/chai-immutable
32 http 200 https://registry.npmjs.org/chai-immutable
33 verbose headers { server: 'nginx/1.10.1',
33 verbose headers   'content-type': 'application/json',
33 verbose headers   'last-modified': 'Thu, 27 Jul 2017 06:28:51 GMT',
33 verbose headers   etag: 'W/"59798823-8613"',
33 verbose headers   'content-encoding': 'gzip',
33 verbose headers   'cache-control': 'max-age=300',
33 verbose headers   'content-length': '5929',
33 verbose headers   'accept-ranges': 'bytes',
33 verbose headers   date: 'Thu, 27 Jul 2017 21:05:12 GMT',
33 verbose headers   via: '1.1 varnish',
33 verbose headers   age: '0',
33 verbose headers   connection: 'keep-alive',
33 verbose headers   'x-served-by': 'cache-bos8225-BOS',
33 verbose headers   'x-cache': 'MISS',
33 verbose headers   'x-cache-hits': '0',
33 verbose headers   'x-timer': 'S1501189513.544833,VS0,VE29',
33 verbose headers   vary: 'Accept-Encoding, Accept' }
34 silly get cb [ 200,
34 silly get   { server: 'nginx/1.10.1',
34 silly get     'content-type': 'application/json',
34 silly get     'last-modified': 'Thu, 27 Jul 2017 06:28:51 GMT',
34 silly get     etag: 'W/"59798823-8613"',
34 silly get     'content-encoding': 'gzip',
34 silly get     'cache-control': 'max-age=300',
34 silly get     'content-length': '5929',
34 silly get     'accept-ranges': 'bytes',
34 silly get     date: 'Thu, 27 Jul 2017 21:05:12 GMT',
34 silly get     via: '1.1 varnish',
34 silly get     age: '0',
34 silly get     connection: 'keep-alive',
34 silly get     'x-served-by': 'cache-bos8225-BOS',
34 silly get     'x-cache': 'MISS',
34 silly get     'x-cache-hits': '0',
34 silly get     'x-timer': 'S1501189513.544833,VS0,VE29',
34 silly get     vary: 'Accept-Encoding, Accept' } ]
35 verbose get saving chai-immutable to /Users/vickychen/.npm/registry.npmjs.org/chai-immutable/.cache.json
36 verbose correctMkdir /Users/vickychen/.npm correctMkdir not in flight; initializing
37 silly addNameTag next cb for chai-immutable with tag latest
38 silly addNamed chai-immutable@1.6.0
39 verbose addNamed "1.6.0" is a plain semver version for chai-immutable
40 silly mapToRegistry name chai-immutable
41 silly mapToRegistry using default registry
42 silly mapToRegistry registry https://registry.npmjs.org/
43 silly mapToRegistry data Result {
43 silly mapToRegistry   raw: 'chai-immutable',
43 silly mapToRegistry   scope: null,
43 silly mapToRegistry   name: 'chai-immutable',
43 silly mapToRegistry   rawSpec: '',
43 silly mapToRegistry   spec: 'latest',
43 silly mapToRegistry   type: 'tag' }
44 silly mapToRegistry uri https://registry.npmjs.org/chai-immutable
45 verbose addRemoteTarball https://registry.npmjs.org/chai-immutable/-/chai-immutable-1.6.0.tgz not in flight; adding
46 verbose addRemoteTarball [ 'https://registry.npmjs.org/chai-immutable/-/chai-immutable-1.6.0.tgz',
46 verbose addRemoteTarball   '9ec00bdd67948b13b20fcbb89cbf4af2ce6f9247' ]
47 info retry fetch attempt 1 at 5:05:12 PM
48 info attempt registry request try #1 at 5:05:12 PM
49 http fetch GET https://registry.npmjs.org/chai-immutable/-/chai-immutable-1.6.0.tgz
50 http fetch 200 https://registry.npmjs.org/chai-immutable/-/chai-immutable-1.6.0.tgz
51 silly fetchAndShaCheck shasum 9ec00bdd67948b13b20fcbb89cbf4af2ce6f9247
52 verbose addTmpTarball /var/folders/3m/7cr_q0s92pz0p042087_18zr0000gn/T/npm-12841-ce9dc64b/registry.npmjs.org/chai-immutable/-/chai-immutable-1.6.0.tgz not in flight; adding
53 verbose addTmpTarball already have metadata; skipping unpack for chai-immutable@1.6.0
54 verbose correctMkdir /Users/vickychen/.npm correctMkdir not in flight; initializing
55 silly cache afterAdd chai-immutable@1.6.0
56 verbose afterAdd /Users/vickychen/.npm/chai-immutable/1.6.0/package/package.json not in flight; writing
57 verbose correctMkdir /Users/vickychen/.npm correctMkdir not in flight; initializing
58 verbose afterAdd /Users/vickychen/.npm/chai-immutable/1.6.0/package/package.json written
59 silly install resolved [ { name: 'chai-immutable',
59 silly install resolved     version: '1.6.0',
59 silly install resolved     description: 'Chai assertions for Facebook\'s Immutable library for JavaScript collections',
59 silly install resolved     main: 'chai-immutable.js',
59 silly install resolved     directories: { test: 'test' },
59 silly install resolved     scripts:
59 silly install resolved      { 'check-style': 'jscs chai-immutable.js test/test.js',
59 silly install resolved        test: 'npm run test-mocha; npm run test-phantomjs; npm run check-style',
59 silly install resolved        'test-mocha': 'mocha',
59 silly install resolved        'test-phantomjs': 'echo \'mocha-phantomjs is temporarily disabled.\' # mocha-phantomjs test/index.html',
59 silly install resolved        coverage: 'istanbul cover _mocha',
59 silly install resolved        coveralls: 'npm run coverage && cat ./coverage/lcov.info | coveralls' },
59 silly install resolved     repository:
59 silly install resolved      { type: 'git',
59 silly install resolved        url: 'git+https://github.com/astorije/chai-immutable.git' },
59 silly install resolved     keywords:
59 silly install resolved      [ 'chai',
59 silly install resolved        'chai-plugin',
59 silly install resolved        'browser',
59 silly install resolved        'test',
59 silly install resolved        'assertions',
59 silly install resolved        'immutable' ],
59 silly install resolved     author: { name: 'Jérémie Astori', url: 'https://jeremie.astori.fr' },
59 silly install resolved     license: 'MIT',
59 silly install resolved     bugs: { url: 'https://github.com/astorije/chai-immutable/issues' },
59 silly install resolved     homepage: 'https://github.com/astorije/chai-immutable',
59 silly install resolved     peerDependencies: { chai: '>= 2.0.0 < 4' },
59 silly install resolved     devDependencies:
59 silly install resolved      { chai: '^3.4.0',
59 silly install resolved        coveralls: '^2.11.9',
59 silly install resolved        immutable: '^3.7.5',
59 silly install resolved        istanbul: '^0.4.3',
59 silly install resolved        jscs: '^2.5.0',
59 silly install resolved        mocha: '^2.4.5' },
59 silly install resolved     gitHead: '954d3478530b65743c4180197a178ebaffa232a1',
59 silly install resolved     _id: 'chai-immutable@1.6.0',
59 silly install resolved     _shasum: '9ec00bdd67948b13b20fcbb89cbf4af2ce6f9247',
59 silly install resolved     _from: 'chai-immutable@latest',
59 silly install resolved     _npmVersion: '2.15.5',
59 silly install resolved     _nodeVersion: '4.4.5',
59 silly install resolved     _npmUser: { name: 'astorije', email: 'jeremie@astori.fr' },
59 silly install resolved     dist:
59 silly install resolved      { shasum: '9ec00bdd67948b13b20fcbb89cbf4af2ce6f9247',
59 silly install resolved        tarball: 'https://registry.npmjs.org/chai-immutable/-/chai-immutable-1.6.0.tgz' },
59 silly install resolved     maintainers: [ [Object] ],
59 silly install resolved     _npmOperationalInternal:
59 silly install resolved      { host: 'packages-16-east.internal.npmjs.com',
59 silly install resolved        tmp: 'tmp/chai-immutable-1.6.0.tgz_1465620232842_0.34194417716935277' },
59 silly install resolved     _resolved: 'https://registry.npmjs.org/chai-immutable/-/chai-immutable-1.6.0.tgz' } ]
60 info install chai-immutable@1.6.0 into /Users/vickychen/cvicky/react-redux-testing/voting-server
61 info installOne chai-immutable@1.6.0
62 verbose installOne of chai-immutable to /Users/vickychen/cvicky/react-redux-testing/voting-server not in flight; installing
63 verbose correctMkdir /Users/vickychen/.npm/_locks correctMkdir not in flight; initializing
64 verbose lock using /Users/vickychen/.npm/_locks/chai-immutable-009b81705da099b4.lock for /Users/vickychen/cvicky/react-redux-testing/voting-server/node_modules/chai-immutable
65 silly install write writing chai-immutable 1.6.0 to /Users/vickychen/cvicky/react-redux-testing/voting-server/node_modules/chai-immutable
66 verbose unbuild node_modules/chai-immutable
67 silly gentlyRm /Users/vickychen/cvicky/react-redux-testing/voting-server/node_modules/chai-immutable is being purged from base /Users/vickychen/cvicky/react-redux-testing/voting-server
68 verbose gentlyRm don't care about contents; nuking /Users/vickychen/cvicky/react-redux-testing/voting-server/node_modules/chai-immutable
69 verbose tar unpack /Users/vickychen/.npm/chai-immutable/1.6.0/package.tgz
70 verbose tar unpacking to /Users/vickychen/cvicky/react-redux-testing/voting-server/node_modules/chai-immutable
71 silly gentlyRm /Users/vickychen/cvicky/react-redux-testing/voting-server/node_modules/chai-immutable is being purged
72 verbose gentlyRm don't care about contents; nuking /Users/vickychen/cvicky/react-redux-testing/voting-server/node_modules/chai-immutable
73 silly gunzTarPerm modes [ '755', '644' ]
74 silly gunzTarPerm extractEntry package.json
75 silly gunzTarPerm modified mode [ 'package.json', 436, 420 ]
76 silly gunzTarPerm extractEntry .npmignore
77 silly gunzTarPerm modified mode [ '.npmignore', 436, 420 ]
78 silly gunzTarPerm extractEntry README.md
79 silly gunzTarPerm modified mode [ 'README.md', 436, 420 ]
80 silly gunzTarPerm extractEntry LICENSE
81 silly gunzTarPerm modified mode [ 'LICENSE', 436, 420 ]
82 silly gunzTarPerm extractEntry chai-immutable.js
83 silly gunzTarPerm modified mode [ 'chai-immutable.js', 436, 420 ]
84 silly gunzTarPerm extractEntry CODE_OF_CONDUCT.md
85 silly gunzTarPerm modified mode [ 'CODE_OF_CONDUCT.md', 436, 420 ]
86 silly gunzTarPerm extractEntry appveyor.yml
87 silly gunzTarPerm modified mode [ 'appveyor.yml', 436, 420 ]
88 silly gunzTarPerm extractEntry .jscs.json
89 silly gunzTarPerm modified mode [ '.jscs.json', 436, 420 ]
90 silly gunzTarPerm extractEntry .travis.yml
91 silly gunzTarPerm modified mode [ '.travis.yml', 436, 420 ]
92 silly gunzTarPerm extractEntry test/test.js
93 silly gunzTarPerm modified mode [ 'test/test.js', 436, 420 ]
94 silly gunzTarPerm extractEntry test/index.html
95 silly gunzTarPerm modified mode [ 'test/index.html', 436, 420 ]
96 verbose write writing to /Users/vickychen/cvicky/react-redux-testing/voting-server/node_modules/chai-immutable/package.json
97 info preinstall chai-immutable@1.6.0
98 verbose readDependencies loading dependencies from /Users/vickychen/cvicky/react-redux-testing/voting-server/node_modules/chai-immutable/package.json
99 silly prepareForInstallMany adding chai@>= 2.0.0 < 4 from chai-immutable peerDependencies
100 warn peerDependencies The peer dependency chai@>= 2.0.0 < 4 included from chai-immutable will no
101 warn peerDependencies longer be automatically installed to fulfill the peerDependency
102 warn peerDependencies in npm 3+. Your application will need to depend on it explicitly.
103 verbose readDependencies loading dependencies from /Users/vickychen/cvicky/react-redux-testing/voting-server/node_modules/chai-immutable/package.json
104 silly install resolved []
105 verbose about to build /Users/vickychen/cvicky/react-redux-testing/voting-server/node_modules/chai-immutable
106 info build /Users/vickychen/cvicky/react-redux-testing/voting-server/node_modules/chai-immutable
107 info linkStuff chai-immutable@1.6.0
108 silly linkStuff chai-immutable@1.6.0 has /Users/vickychen/cvicky/react-redux-testing/voting-server/node_modules as its parent node_modules
109 verbose linkBins chai-immutable@1.6.0
110 verbose linkMans chai-immutable@1.6.0
111 verbose rebuildBundles chai-immutable@1.6.0
112 info install chai-immutable@1.6.0
113 info postinstall chai-immutable@1.6.0
114 verbose readDependencies loading dependencies from /Users/vickychen/cvicky/react-redux-testing/voting-server/package.json
115 verbose targetResolver reading package data from /Users/vickychen/cvicky/react-redux-testing/voting-server/node_modules/babel-cli/package.json
116 verbose targetResolver reading package data from /Users/vickychen/cvicky/react-redux-testing/voting-server/node_modules/babel-core/package.json
117 verbose targetResolver reading package data from /Users/vickychen/cvicky/react-redux-testing/voting-server/node_modules/babel-preset-es2015/package.json
118 verbose targetResolver reading package data from /Users/vickychen/cvicky/react-redux-testing/voting-server/node_modules/chai/package.json
119 verbose targetResolver reading package data from /Users/vickychen/cvicky/react-redux-testing/voting-server/node_modules/chai-immutable/package.json
120 verbose targetResolver reading package data from /Users/vickychen/cvicky/react-redux-testing/voting-server/node_modules/immutable/package.json
121 verbose targetResolver reading package data from /Users/vickychen/cvicky/react-redux-testing/voting-server/node_modules/mocha/package.json
122 verbose targetResolver reading package data from /Users/vickychen/cvicky/react-redux-testing/voting-server/node_modules/.bin/babel/package.json
123 verbose targetResolver reading package data from /Users/vickychen/cvicky/react-redux-testing/voting-server/node_modules/.bin/babel-doctor/package.json
124 verbose targetResolver reading package data from /Users/vickychen/cvicky/react-redux-testing/voting-server/node_modules/.bin/babel-external-helpers/package.json
125 verbose targetResolver reading package data from /Users/vickychen/cvicky/react-redux-testing/voting-server/node_modules/.bin/babel-node/package.json
126 verbose targetResolver reading package data from /Users/vickychen/cvicky/react-redux-testing/voting-server/node_modules/.bin/mocha/package.json
127 verbose already installed skipping chai@>= 2.0.0 < 4 /Users/vickychen/cvicky/react-redux-testing/voting-server
128 silly install resolved []
129 verbose unlock done using /Users/vickychen/.npm/_locks/chai-immutable-009b81705da099b4.lock for /Users/vickychen/cvicky/react-redux-testing/voting-server/node_modules/chai-immutable
130 verbose validateInstall loading /Users/vickychen/cvicky/react-redux-testing/voting-server/package.json for validation
131 verbose stack Error: The package chai@4.1.0 does not satisfy its siblings' peerDependencies requirements!
131 verbose stack     at /Users/vickychen/.nvm/versions/node/v4.5.0/lib/node_modules/npm/lib/install.js:125:32
131 verbose stack     at /Users/vickychen/.nvm/versions/node/v4.5.0/lib/node_modules/npm/lib/install.js:268:7
131 verbose stack     at /Users/vickychen/.nvm/versions/node/v4.5.0/lib/node_modules/npm/node_modules/read-installed/read-installed.js:142:5
131 verbose stack     at /Users/vickychen/.nvm/versions/node/v4.5.0/lib/node_modules/npm/node_modules/read-installed/read-installed.js:263:14
131 verbose stack     at cb (/Users/vickychen/.nvm/versions/node/v4.5.0/lib/node_modules/npm/node_modules/slide/lib/async-map.js:47:24)
131 verbose stack     at /Users/vickychen/.nvm/versions/node/v4.5.0/lib/node_modules/npm/node_modules/read-installed/read-installed.js:263:14
131 verbose stack     at cb (/Users/vickychen/.nvm/versions/node/v4.5.0/lib/node_modules/npm/node_modules/slide/lib/async-map.js:47:24)
131 verbose stack     at /Users/vickychen/.nvm/versions/node/v4.5.0/lib/node_modules/npm/node_modules/read-installed/read-installed.js:263:14
131 verbose stack     at cb (/Users/vickychen/.nvm/versions/node/v4.5.0/lib/node_modules/npm/node_modules/slide/lib/async-map.js:47:24)
131 verbose stack     at /Users/vickychen/.nvm/versions/node/v4.5.0/lib/node_modules/npm/node_modules/read-installed/read-installed.js:263:14
132 verbose cwd /Users/vickychen/cvicky/react-redux-testing/voting-server
133 error Darwin 15.6.0
134 error argv "/Users/vickychen/.nvm/versions/node/v4.5.0/bin/node" "/Users/vickychen/.nvm/versions/node/v4.5.0/bin/npm" "install" "--save-dev" "chai-immutable"
135 error node v4.5.0
136 error npm  v2.15.9
137 error code EPEERINVALID
138 error peerinvalid The package chai@4.1.0 does not satisfy its siblings' peerDependencies requirements!
138 error peerinvalid Peer chai-immutable@1.6.0 wants chai@>= 2.0.0 < 4
139 verbose exit [ 1, true ]
